7:05:34 PM - Projects in this build: 
    * tsconfig.json

7:05:34 PM - Project 'tsconfig.json' is out of date because buildinfo file 'node_modules/.tmp/tsconfig.app.tsbuildinfo' indicates that program needs to report errors.

7:05:34 PM - Building project '/mnt/home/du/code/try_react/ch_fs/tsconfig.json'...

src/FS/core/src/canvas.ts(1189,9): error TS6133: 'endX' is declared but its value is never read.
src/FS/core/src/canvas.ts(1214,9): error TS6133: 'startX' is declared but its value is never read.
src/FS/core/src/canvas.ts(1240,9): error TS6133: 'startY' is declared but its value is never read.
src/FS/core/src/canvas.ts(1269,9): error TS6133: 'endY' is declared but its value is never read.
src/FS/core/src/canvas.ts(1805,5): error TS6133: 'dynamicArrayCompute' is declared but its value is never read.
src/FS/core/src/canvas.ts(2318,5): error TS6133: 'afCompute' is declared but its value is never read.
src/FS/core/src/canvas.ts(2529,5): error TS6133: 'col_st' is declared but its value is never read.
src/FS/core/src/events/mouse.ts(1228,3): error TS6133: 'settings' is declared but its value is never read.
src/FS/core/src/events/mouse.ts(3661,3): error TS6133: 'settings' is declared but its value is never read.
src/FS/core/src/events/paste.ts(1122,35): error TS6133: 'col' is declared but its value is never read.
src/FS/core/src/events/paste.ts(1143,23): error TS6133: 'col' is declared but its value is never read.
src/FS/core/src/modules/ConditionFormat.ts(38,3): error TS6133: 'protection' is declared but its value is never read.
src/FS/core/src/modules/ConditionFormat.ts(39,3): error TS6133: 'generalDialog' is declared but its value is never read.
src/FS/core/src/modules/cell.ts(105,34): error TS6133: 'col' is declared but its value is never read.
src/FS/core/src/modules/cell.ts(833,7): error TS6133: 'isRunExecFunction' is declared but its value is never read.
src/FS/core/src/modules/cell.ts(836,7): error TS6133: 'dynamicArrayItem' is declared but its value is never read.
src/FS/core/src/modules/comment.ts(340,3): error TS6133: 'globalCache' is declared but its value is never read.
src/FS/core/src/modules/comment.ts(382,3): error TS6133: 'globalCache' is declared but its value is never read.
src/FS/core/src/modules/comment.ts(581,3): error TS6133: 'ctx' is declared but its value is never read.
src/FS/core/src/modules/comment.ts(676,3): error TS6133: 'ctx' is declared but its value is never read.
src/FS/core/src/modules/dataVerification.ts(27,3): error TS6133: 'cache' is declared but its value is never read.
src/FS/core/src/modules/dataVerification.ts(117,32): error TS6133: 'ctx' is declared but its value is never read.
src/FS/core/src/modules/format.ts(337,34): error TS6133: '$$' is declared but its value is never read.
src/FS/core/src/modules/formula.ts(470,3): error TS6133: 'r' is declared but its value is never read.
src/FS/core/src/modules/formula.ts(471,3): error TS6133: 'c' is declared but its value is never read.
src/FS/core/src/modules/formula.ts(473,3): error TS6133: 'dynamicArray_compute' is declared but its value is never read.
src/FS/core/src/modules/formula.ts(547,7): error TS6133: 'firstSQ' is declared but its value is never read.
src/FS/core/src/modules/formula.ts(3102,3): error TS6133: 'scrollTop' is declared but its value is never read.
src/FS/core/src/modules/formula.ts(3206,3): error TS6133: 'scrollLeft' is declared but its value is never read.
src/FS/core/src/modules/hyperlink.ts(209,3): error TS6133: 'ctx' is declared but its value is never read.
src/FS/core/src/modules/image.ts(139,3): error TS6133: 'ctx' is declared but its value is never read.
src/FS/core/src/modules/inline-string.ts(358,3): error TS6133: 'ctx' is declared but its value is never read.
src/FS/core/src/modules/inline-string.ts(359,3): error TS6133: 'cell' is declared but its value is never read.
src/FS/core/src/modules/mobile.ts(12,3): error TS6133: 'ctx' is declared but its value is never read.
src/FS/core/src/modules/rowcol.ts(304,28): error TS6133: 'v' is declared but its value is never read.
src/FS/core/src/modules/rowcol.ts(307,35): error TS6133: 'v1' is declared but its value is never read.
src/FS/core/src/modules/rowcol.ts(350,28): error TS6133: 'v' is declared but its value is never read.
src/FS/core/src/modules/rowcol.ts(375,37): error TS6133: 'v' is declared but its value is never read.
src/FS/core/src/modules/rowcol.ts(377,31): error TS6133: 'v1' is declared but its value is never read.
src/FS/core/src/modules/rowcol.ts(527,34): error TS6133: 'v' is declared but its value is never read.
src/FS/core/src/modules/rowcol.ts(580,27): error TS6133: 'v' is declared but its value is never read.
src/FS/core/src/modules/rowcol.ts(613,7): error TS6133: 'type1' is declared but its value is never read.
src/FS/core/src/modules/rowcol.ts(622,30): error TS6133: 'v' is declared but its value is never read.
src/FS/core/src/modules/rowcol.ts(637,35): error TS6133: 'v' is declared but its value is never read.
src/FS/core/src/modules/rowcol.ts(654,36): error TS6133: 'v' is declared but its value is never read.
src/FS/core/src/modules/rowcol.ts(677,36): error TS6133: 'v' is declared but its value is never read.
src/FS/core/src/modules/rowcol.ts(700,33): error TS6133: 'v' is declared but its value is never read.
src/FS/core/src/modules/rowcol.ts(858,33): error TS6133: 'v' is declared but its value is never read.
src/FS/core/src/modules/rowcol.ts(874,35): error TS6133: 'v' is declared but its value is never read.
src/FS/core/src/modules/rowcol.ts(891,35): error TS6133: 'v' is declared but its value is never read.
src/FS/core/src/modules/rowcol.ts(914,35): error TS6133: 'v' is declared but its value is never read.
src/FS/core/src/modules/rowcol.ts(937,33): error TS6133: 'v' is declared but its value is never read.
src/FS/core/src/modules/rowcol.ts(1448,28): error TS6133: 'v' is declared but its value is never read.
src/FS/core/src/modules/rowcol.ts(1451,35): error TS6133: 'v1' is declared but its value is never read.
src/FS/core/src/modules/rowcol.ts(1507,28): error TS6133: 'v' is declared but its value is never read.
src/FS/core/src/modules/rowcol.ts(1539,37): error TS6133: 'v' is declared but its value is never read.
src/FS/core/src/modules/rowcol.ts(1541,31): error TS6133: 'v1' is declared but its value is never read.
src/FS/core/src/modules/rowcol.ts(1706,34): error TS6133: 'v' is declared but its value is never read.
src/FS/core/src/modules/rowcol.ts(1731,27): error TS6133: 'v' is declared but its value is never read.
src/FS/core/src/modules/rowcol.ts(1753,7): error TS6133: 'type1' is declared but its value is never read.
src/FS/core/src/modules/rowcol.ts(1764,28): error TS6133: 'v' is declared but its value is never read.
src/FS/core/src/modules/rowcol.ts(1772,33): error TS6133: 'v' is declared but its value is never read.
src/FS/core/src/modules/rowcol.ts(1790,31): error TS6133: 'v' is declared but its value is never read.
src/FS/core/src/modules/rowcol.ts(1804,36): error TS6133: 'v' is declared but its value is never read.
src/FS/core/src/modules/rowcol.ts(1821,36): error TS6133: 'v' is declared but its value is never read.
src/FS/core/src/modules/rowcol.ts(1926,31): error TS6133: 'v' is declared but its value is never read.
src/FS/core/src/modules/rowcol.ts(1934,33): error TS6133: 'v' is declared but its value is never read.
src/FS/core/src/modules/rowcol.ts(1951,35): error TS6133: 'v' is declared but its value is never read.
src/FS/core/src/modules/rowcol.ts(1970,31): error TS6133: 'v' is declared but its value is never read.
src/FS/core/src/modules/sheet.ts(36,3): error TS6133: 'isPivotInitial' is declared but its value is never read.
src/FS/core/src/modules/sheet.ts(38,3): error TS6133: 'isNewSheet' is declared but its value is never read.
src/FS/core/src/modules/sheet.ts(40,3): error TS6133: 'isCopySheet' is declared but its value is never read.
src/FS/core/src/modules/splitColumn.ts(29,20): error TS6133: 'data' is declared but its value is never read.
src/FS/core/src/modules/validation.ts(125,3): error TS6133: 'cfg' is declared but its value is never read.
src/FS/react/src/components/ContextMenu/FilterMenu.tsx(206,19): error TS2345: Argument of type 'RefObject<HTMLDivElement | null>' is not assignable to parameter of type 'RefObject<HTMLElement>'.
  Type 'HTMLDivElement | null' is not assignable to type 'HTMLElement'.
    Type 'null' is not assignable to type 'HTMLElement'.
src/FS/react/src/components/ContextMenu/SheetTab.tsx(42,19): error TS2345: Argument of type 'RefObject<HTMLDivElement | null>' is not assignable to parameter of type 'RefObject<HTMLElement>'.
  Type 'HTMLDivElement | null' is not assignable to type 'HTMLElement'.
    Type 'null' is not assignable to type 'HTMLElement'.
src/FS/react/src/components/ContextMenu/index.tsx(176,27): error TS6133: 'e' is declared but its value is never read.
src/FS/react/src/components/ContextMenu/index.tsx(409,23): error TS6133: 'e' is declared but its value is never read.
src/FS/react/src/components/ContextMenu/index.tsx(470,23): error TS6133: 'e' is declared but its value is never read.
src/FS/react/src/components/DataVerification/DropdownList.tsx(36,19): error TS2345: Argument of type 'RefObject<HTMLDivElement | null>' is not assignable to parameter of type 'RefObject<HTMLElement>'.
  Type 'HTMLDivElement | null' is not assignable to type 'HTMLElement'.
    Type 'null' is not assignable to type 'HTMLElement'.
src/FS/react/src/components/FxEditor/index.tsx(39,31): error TS2554: Expected 1 arguments, but got 0.
src/FS/react/src/components/SheetList/index.tsx(17,19): error TS2345: Argument of type 'RefObject<HTMLDivElement | null>' is not assignable to parameter of type 'RefObject<HTMLElement>'.
  Type 'HTMLDivElement | null' is not assignable to type 'HTMLElement'.
    Type 'null' is not assignable to type 'HTMLElement'.
src/FS/react/src/components/SheetOverlay/InputBox.tsx(39,31): error TS2554: Expected 1 arguments, but got 0.
src/FS/react/src/components/Toolbar/Combo.tsx(38,19): error TS2345: Argument of type 'RefObject<HTMLDivElement | null>' is not assignable to parameter of type 'RefObject<HTMLElement>'.
  Type 'HTMLDivElement | null' is not assignable to type 'HTMLElement'.
    Type 'null' is not assignable to type 'HTMLElement'.
src/FS/react/src/components/Toolbar/MoreItemsContainer.tsx(10,5): error TS2345: Argument of type 'RefObject<HTMLDivElement | null>' is not assignable to parameter of type 'RefObject<HTMLElement>'.
  Type 'HTMLDivElement | null' is not assignable to type 'HTMLElement'.
    Type 'null' is not assignable to type 'HTMLElement'.
src/FS/react/src/components/ZoomControl/index.tsx(60,5): error TS2345: Argument of type 'RefObject<HTMLDivElement | null>' is not assignable to parameter of type 'RefObject<HTMLElement>'.
  Type 'HTMLDivElement | null' is not assignable to type 'HTMLElement'.
    Type 'null' is not assignable to type 'HTMLElement'.
src/FS/react/src/hooks/useAlert.tsx(1,8): error TS6133: 'React' is declared but its value is never read.
src/FS/react/src/hooks/usePrevious.tsx(4,15): error TS2554: Expected 1 arguments, but got 0.
